<?xml version="1.0" encoding="UTF-8"?><testrun duration="48462" footerText="Generated by IntelliJ IDEA on 5/16/22, 12:21 AM" name="C:/Users/melike.gorgun/check24UI/Testng.xml">
    <count name="total" value="22"/>
    <count name="error" value="3"/>
    <count name="passed" value="19"/>
    <config nameIsGenerated="true" configId="TestNG" name="C:/Users/melike.gorgun/check24UI/Testng.xml">
        <module name="check24UI"/>
        <shortenClasspath name="NONE"/>
        <useClassPathOnly/>
        <option name="SUITE_NAME" value="C:/Users/melike.gorgun/check24UI/Testng.xml"/>
        <option name="PACKAGE_NAME" value=""/>
        <option name="MAIN_CLASS_NAME" value=""/>
        <option name="METHOD_NAME" value=""/>
        <option name="GROUP_NAME" value=""/>
        <option name="TEST_OBJECT" value="SUITE"/>
        <option name="PARAMETERS" value=""/>
        <option name="OUTPUT_DIRECTORY" value=""/>
        <option name="USE_DEFAULT_REPORTERS" value="true"/>
        <option name="PROPERTIES_FILE" value=""/>
        <properties/>
        <listeners>
            <listener class="org.testng.reporters.FailedReporter"/>
            <listener class="org.testng.reporters.EmailableReporter"/>
        </listeners>
        <method v="2">
            <option name="Make" enabled="true"/>
        </method>
    </config>
    <root name="Selenium" location="file://C:\Users\melike.gorgun\check24UI\Testng.xml">
        <output type="stdout">"C:\Program Files\Java\jdk-11.0.12\bin\java.exe" -ea -Didea.test.cyclic.buffer.size=1048576 "-javaagent:C:\Program Files\JetBrains\IntelliJ IDEA Community Edition 2021.2.1\lib\idea_rt.jar=56620:C:\Program Files\JetBrains\IntelliJ IDEA Community Edition 2021.2.1\bin" -Dfile.encoding=UTF-8 -classpath "C:\Program Files\JetBrains\IntelliJ IDEA Community Edition 2021.2.1\lib\idea_rt.jar;C:\Program Files\JetBrains\IntelliJ IDEA Community Edition 2021.2.1\plugins\testng\lib\testng-rt.jar;C:\Users\melike.gorgun\check24UI\target\test-classes;C:\Users\melike.gorgun\.m2\repository\org\seleniumhq\selenium\selenium-java\3.141.59\selenium-java-3.141.59.jar;C:\Users\melike.gorgun\.m2\repository\org\seleniumhq\selenium\selenium-api\3.141.59\selenium-api-3.141.59.jar;C:\Users\melike.gorgun\.m2\repository\org\seleniumhq\selenium\selenium-chrome-driver\3.141.59\selenium-chrome-driver-3.141.59.jar;C:\Users\melike.gorgun\.m2\repository\org\seleniumhq\selenium\selenium-edge-driver\3.141.59\selenium-edge-driver-3.141.59.jar;C:\Users\melike.gorgun\.m2\repository\org\seleniumhq\selenium\selenium-firefox-driver\3.141.59\selenium-firefox-driver-3.141.59.jar;C:\Users\melike.gorgun\.m2\repository\org\seleniumhq\selenium\selenium-ie-driver\3.141.59\selenium-ie-driver-3.141.59.jar;C:\Users\melike.gorgun\.m2\repository\org\seleniumhq\selenium\selenium-opera-driver\3.141.59\selenium-opera-driver-3.141.59.jar;C:\Users\melike.gorgun\.m2\repository\org\seleniumhq\selenium\selenium-remote-driver\3.141.59\selenium-remote-driver-3.141.59.jar;C:\Users\melike.gorgun\.m2\repository\org\seleniumhq\selenium\selenium-safari-driver\3.141.59\selenium-safari-driver-3.141.59.jar;C:\Users\melike.gorgun\.m2\repository\net\bytebuddy\byte-buddy\1.8.15\byte-buddy-1.8.15.jar;C:\Users\melike.gorgun\.m2\repository\org\apache\commons\commons-exec\1.3\commons-exec-1.3.jar;C:\Users\melike.gorgun\.m2\repository\com\google\guava\guava\25.0-jre\guava-25.0-jre.jar;C:\Users\melike.gorgun\.m2\repository\org\checkerframework\checker-compat-qual\2.0.0\checker-compat-qual-2.0.0.jar;C:\Users\melike.gorgun\.m2\repository\com\google\errorprone\error_prone_annotations\2.1.3\error_prone_annotations-2.1.3.jar;C:\Users\melike.gorgun\.m2\repository\com\google\j2objc\j2objc-annotations\1.1\j2objc-annotations-1.1.jar;C:\Users\melike.gorgun\.m2\repository\org\codehaus\mojo\animal-sniffer-annotations\1.14\animal-sniffer-annotations-1.14.jar;C:\Users\melike.gorgun\.m2\repository\com\squareup\okhttp3\okhttp\3.11.0\okhttp-3.11.0.jar;C:\Users\melike.gorgun\.m2\repository\com\squareup\okio\okio\1.14.0\okio-1.14.0.jar;C:\Users\melike.gorgun\.m2\repository\org\testng\testng\7.5\testng-7.5.jar;C:\Users\melike.gorgun\.m2\repository\com\google\code\findbugs\jsr305\3.0.1\jsr305-3.0.1.jar;C:\Users\melike.gorgun\.m2\repository\org\slf4j\slf4j-api\1.7.32\slf4j-api-1.7.32.jar;C:\Users\melike.gorgun\.m2\repository\com\beust\jcommander\1.78\jcommander-1.78.jar;C:\Users\melike.gorgun\.m2\repository\org\webjars\jquery\3.5.1\jquery-3.5.1.jar;C:\Users\melike.gorgun\.m2\repository\commons-io\commons-io\2.8.0\commons-io-2.8.0.jar;C:\Users\melike.gorgun\.m2\repository\org\seleniumhq\selenium\selenium-support\3.141.59\selenium-support-3.141.59.jar" com.intellij.rt.testng.RemoteTestNGStarter -usedefaultlisteners true -listener org.testng.reporters.FailedReporter;org.testng.reporters.EmailableReporter -socket56619 @w@C:\Users\melike.gorgun\AppData\Local\Temp\idea_working_dirs_testng.tmp -temp C:\Users\melike.gorgun\AppData\Local\Temp\idea_testng.tmp
</output>
        <output type="stderr">SLF4J: Failed to load class "org.slf4j.impl.StaticLoggerBinder".
SLF4J: Defaulting to no-operation (NOP) logger implementation
SLF4J: See http://www.slf4j.org/codes.html#StaticLoggerBinder for further details.
</output>
        <output type="stdout">===============================================
Selenium
Total tests run: 14, Passes: 11, Failures: 3, Skips: 0
===============================================
</output>
        <output type="stdout">Process finished with exit code 0
</output>
    </root>
    <suite duration="6258" locationUrl="file://C:\Users\melike.gorgun\check24UI\Testng.xml" name="Firefox Test" status="passed"/>
    <suite duration="12729" locationUrl="file://C:\Users\melike.gorgun\check24UI\Testng.xml" name="Chrome Test" status="passed"/>
    <suite duration="10348" locationUrl="file://C:\Users\melike.gorgun\check24UI\Testng.xml" name="Firefox Test" status="passed"/>
    <suite duration="4674" locationUrl="file://C:\Users\melike.gorgun\check24UI\Testng.xml" name="Chrome Test" status="passed">
        <suite duration="1418" locationUrl="java:suite://testSteps.CreditCardResultPageTest" name="CreditCardResultPageTest" status="passed">
            <test duration="489" locationUrl="java:test://testSteps.CreditCardResultPageTest/Should_CheckPPSETCookie" name="CreditCardResultPageTest.Should_CheckPPSETCookie" status="passed"/>
            <test duration="929" locationUrl="java:test://testSteps.CreditCardResultPageTest/clickContinueButton" name="CreditCardResultPageTest.clickContinueButton" status="passed"/>
        </suite>
        <suite duration="3256" locationUrl="java:suite://testSteps.PersonalInfoPageTest" name="PersonalInfoPageTest" status="passed">
            <test duration="93" locationUrl="java:test://testSteps.PersonalInfoPageTest/sendKeysToEmail" name="PersonalInfoPageTest.sendKeysToEmail[m@gmail.com]" status="passed"/>
            <test duration="78" locationUrl="java:test://testSteps.PersonalInfoPageTest/contToWelcome" name="PersonalInfoPageTest.contToWelcome" status="passed"/>
            <test duration="3085" locationUrl="java:test://testSteps.PersonalInfoPageTest/enterAsGuest" name="PersonalInfoPageTest.enterAsGuest" status="error">
                <output type="stderr">org.openqa.selenium.JavascriptException: javascript error: d.elementFromPoint is not a function
  (Session info: chrome=101.0.4951.64)
Build info: version: '3.141.59', revision: 'e82be7d358', time: '2018-11-14T08:17:03'
System info: host: 'SLVYDEV043', ip: '192.168.1.23', os.name: 'Windows 10', os.arch: 'amd64', os.version: '10.0', java.version: '11.0.12'
Driver info: org.openqa.selenium.chrome.ChromeDriver
Capabilities {acceptInsecureCerts: false, browserName: chrome, browserVersion: 101.0.4951.64, chrome: {chromedriverVersion: 101.0.4951.41 (93c720db8323..., userDataDir: C:\Users\MELIKE~1.GOR\AppDa...}, goog:chromeOptions: {debuggerAddress: localhost:56729}, javascriptEnabled: true, networkConnectionEnabled: false, pageLoadStrategy: normal, platform: WINDOWS, platformName: WINDOWS, proxy: Proxy(), setWindowRect: true, strictFileInteractability: false, timeouts: {implicit: 0, pageLoad: 300000, script: 30000}, unhandledPromptBehavior: dismiss and notify, webauthn:extension:credBlob: true, webauthn:extension:largeBlob: true, webauthn:virtualAuthenticators: true}
Session ID: da14d9fc164fb1cf6512197ee9bd3839&#13;
	at java.base/jdk.internal.reflect.NativeConstructorAccessorImpl.newInstance0(Native Method)&#13;
	at java.base/jdk.internal.reflect.NativeConstructorAccessorImpl.newInstance(NativeConstructorAccessorImpl.java:62)&#13;
	at java.base/jdk.internal.reflect.DelegatingConstructorAccessorImpl.newInstance(DelegatingConstructorAccessorImpl.java:45)&#13;
	at java.base/java.lang.reflect.Constructor.newInstance(Constructor.java:490)&#13;
	at org.openqa.selenium.remote.http.W3CHttpResponseCodec.createException(W3CHttpResponseCodec.java:187)&#13;
	at org.openqa.selenium.remote.http.W3CHttpResponseCodec.decode(W3CHttpResponseCodec.java:122)&#13;
	at org.openqa.selenium.remote.http.W3CHttpResponseCodec.decode(W3CHttpResponseCodec.java:49)&#13;
	at org.openqa.selenium.remote.HttpCommandExecutor.execute(HttpCommandExecutor.java:158)&#13;
	at org.openqa.selenium.remote.service.DriverCommandExecutor.execute(DriverCommandExecutor.java:83)&#13;
	at org.openqa.selenium.remote.RemoteWebDriver.execute(RemoteWebDriver.java:552)&#13;
	at org.openqa.selenium.remote.RemoteWebElement.execute(RemoteWebElement.java:285)&#13;
	at org.openqa.selenium.remote.RemoteWebElement.click(RemoteWebElement.java:84)&#13;
	at java.base/jdk.internal.reflect.NativeMethodAccessorImpl.invoke0(Native Method)&#13;
	at java.base/jdk.internal.reflect.NativeMethodAccessorImpl.invoke(NativeMethodAccessorImpl.java:62)&#13;
	at java.base/jdk.internal.reflect.DelegatingMethodAccessorImpl.invoke(DelegatingMethodAccessorImpl.java:43)&#13;
	at java.base/java.lang.reflect.Method.invoke(Method.java:566)&#13;
	at org.openqa.selenium.support.pagefactory.internal.LocatingElementHandler.invoke(LocatingElementHandler.java:51)&#13;
	at com.sun.proxy.$Proxy12.click(Unknown Source)&#13;
	at pageObjects.PersonalInfoPage.goAsGuest(PersonalInfoPage.java:79)&#13;
	at testSteps.PersonalInfoPageTest.enterAsGuest(PersonalInfoPageTest.java:43)&#13;
	at java.base/jdk.internal.reflect.NativeMethodAccessorImpl.invoke0(Native Method)&#13;
	at java.base/jdk.internal.reflect.NativeMethodAccessorImpl.invoke(NativeMethodAccessorImpl.java:62)&#13;
	at java.base/jdk.internal.reflect.DelegatingMethodAccessorImpl.invoke(DelegatingMethodAccessorImpl.java:43)&#13;
	at java.base/java.lang.reflect.Method.invoke(Method.java:566)&#13;
	at org.testng.internal.invokers.MethodInvocationHelper.invokeMethod(MethodInvocationHelper.java:135)&#13;
	at org.testng.internal.invokers.TestInvoker.invokeMethod(TestInvoker.java:673)&#13;
	at org.testng.internal.invokers.TestInvoker.invokeTestMethod(TestInvoker.java:220)&#13;
	at org.testng.internal.invokers.MethodRunner.runInSequence(MethodRunner.java:50)&#13;
	at org.testng.internal.invokers.TestInvoker$MethodInvocationAgent.invoke(TestInvoker.java:945)&#13;
	at org.testng.internal.invokers.TestInvoker.invokeTestMethods(TestInvoker.java:193)&#13;
	at org.testng.internal.invokers.TestMethodWorker.invokeTestMethods(TestMethodWorker.java:146)&#13;
	at org.testng.internal.invokers.TestMethodWorker.run(TestMethodWorker.java:128)&#13;
	at java.base/java.util.ArrayList.forEach(ArrayList.java:1541)&#13;
	at org.testng.TestRunner.privateRun(TestRunner.java:808)&#13;
	at org.testng.TestRunner.run(TestRunner.java:603)&#13;
	at org.testng.SuiteRunner.runTest(SuiteRunner.java:429)&#13;
	at org.testng.SuiteRunner.access$000(SuiteRunner.java:32)&#13;
	at org.testng.SuiteRunner$SuiteWorker.run(SuiteRunner.java:467)&#13;
	at org.testng.internal.thread.ThreadUtil.lambda$execute$0(ThreadUtil.java:58)&#13;
	at java.base/java.util.concurrent.FutureTask.run(FutureTask.java:264)&#13;
	at java.base/java.util.concurrent.ThreadPoolExecutor.runWorker(ThreadPoolExecutor.java:1128)&#13;
	at java.base/java.util.concurrent.ThreadPoolExecutor$Worker.run(ThreadPoolExecutor.java:628)&#13;
	at java.base/java.lang.Thread.run(Thread.java:834)&#13;
</output>
            </test>
        </suite>
    </suite>
    <suite duration="1386" locationUrl="file://C:\Users\melike.gorgun\check24UI\Testng.xml" name="Firefox Test" status="passed">
        <suite duration="1386" locationUrl="java:suite://testSteps.CreditCardResultPageTest" name="CreditCardResultPageTest" status="passed">
            <test duration="478" locationUrl="java:test://testSteps.CreditCardResultPageTest/Should_CheckPPSETCookie[1]" name="CreditCardResultPageTest.Should_CheckPPSETCookie (1)" status="passed"/>
            <test duration="908" locationUrl="java:test://testSteps.CreditCardResultPageTest/clickContinueButton[1]" name="CreditCardResultPageTest.clickContinueButton (1)" status="passed"/>
        </suite>
    </suite>
    <suite duration="415" locationUrl="file://C:\Users\melike.gorgun\check24UI\Testng.xml" name="Chrome Test" status="error">
        <suite duration="45" locationUrl="java:suite://testSteps.PersonalInfoPageTest" name="PersonalInfoPageTest" status="error">
            <test duration="23" locationUrl="java:test://testSteps.PersonalInfoPageTest/Should_CheckErrorMessages" name="PersonalInfoPageTest.Should_CheckErrorMessages" status="error">
                <output type="stderr">org.openqa.selenium.NoSuchElementException: no such element: Unable to locate element: {"method":"xpath","selector":"//div[@class='styles__ButtonWrapper-sc-1solng-1 dwSWhP']"}
  (Session info: chrome=101.0.4951.64)
For documentation on this error, please visit: https://www.seleniumhq.org/exceptions/no_such_element.html
Build info: version: '3.141.59', revision: 'e82be7d358', time: '2018-11-14T08:17:03'
System info: host: 'SLVYDEV043', ip: '192.168.1.23', os.name: 'Windows 10', os.arch: 'amd64', os.version: '10.0', java.version: '11.0.12'
Driver info: org.openqa.selenium.chrome.ChromeDriver
Capabilities {acceptInsecureCerts: false, browserName: chrome, browserVersion: 101.0.4951.64, chrome: {chromedriverVersion: 101.0.4951.41 (93c720db8323..., userDataDir: C:\Users\MELIKE~1.GOR\AppDa...}, goog:chromeOptions: {debuggerAddress: localhost:56729}, javascriptEnabled: true, networkConnectionEnabled: false, pageLoadStrategy: normal, platform: WINDOWS, platformName: WINDOWS, proxy: Proxy(), setWindowRect: true, strictFileInteractability: false, timeouts: {implicit: 0, pageLoad: 300000, script: 30000}, unhandledPromptBehavior: dismiss and notify, webauthn:extension:credBlob: true, webauthn:extension:largeBlob: true, webauthn:virtualAuthenticators: true}
Session ID: da14d9fc164fb1cf6512197ee9bd3839
*** Element info: {Using=xpath, value=//div[@class='styles__ButtonWrapper-sc-1solng-1 dwSWhP']}&#13;
	at java.base/jdk.internal.reflect.NativeConstructorAccessorImpl.newInstance0(Native Method)&#13;
	at java.base/jdk.internal.reflect.NativeConstructorAccessorImpl.newInstance(NativeConstructorAccessorImpl.java:62)&#13;
	at java.base/jdk.internal.reflect.DelegatingConstructorAccessorImpl.newInstance(DelegatingConstructorAccessorImpl.java:45)&#13;
	at java.base/java.lang.reflect.Constructor.newInstance(Constructor.java:490)&#13;
	at org.openqa.selenium.remote.http.W3CHttpResponseCodec.createException(W3CHttpResponseCodec.java:187)&#13;
	at org.openqa.selenium.remote.http.W3CHttpResponseCodec.decode(W3CHttpResponseCodec.java:122)&#13;
	at org.openqa.selenium.remote.http.W3CHttpResponseCodec.decode(W3CHttpResponseCodec.java:49)&#13;
	at org.openqa.selenium.remote.HttpCommandExecutor.execute(HttpCommandExecutor.java:158)&#13;
	at org.openqa.selenium.remote.service.DriverCommandExecutor.execute(DriverCommandExecutor.java:83)&#13;
	at org.openqa.selenium.remote.RemoteWebDriver.execute(RemoteWebDriver.java:552)&#13;
	at org.openqa.selenium.remote.RemoteWebDriver.findElement(RemoteWebDriver.java:323)&#13;
	at org.openqa.selenium.remote.RemoteWebDriver.findElementByXPath(RemoteWebDriver.java:428)&#13;
	at org.openqa.selenium.By$ByXPath.findElement(By.java:353)&#13;
	at org.openqa.selenium.remote.RemoteWebDriver.findElement(RemoteWebDriver.java:315)&#13;
	at org.openqa.selenium.support.pagefactory.DefaultElementLocator.findElement(DefaultElementLocator.java:69)&#13;
	at org.openqa.selenium.support.pagefactory.internal.LocatingElementHandler.invoke(LocatingElementHandler.java:38)&#13;
	at com.sun.proxy.$Proxy12.click(Unknown Source)&#13;
	at pageObjects.PersonalInfoPage.continueFromInfoForm(PersonalInfoPage.java:91)&#13;
	at testSteps.PersonalInfoPageTest.Should_CheckErrorMessages(PersonalInfoPageTest.java:50)&#13;
	at java.base/jdk.internal.reflect.NativeMethodAccessorImpl.invoke0(Native Method)&#13;
	at java.base/jdk.internal.reflect.NativeMethodAccessorImpl.invoke(NativeMethodAccessorImpl.java:62)&#13;
	at java.base/jdk.internal.reflect.DelegatingMethodAccessorImpl.invoke(DelegatingMethodAccessorImpl.java:43)&#13;
	at java.base/java.lang.reflect.Method.invoke(Method.java:566)&#13;
	at org.testng.internal.invokers.MethodInvocationHelper.invokeMethod(MethodInvocationHelper.java:135)&#13;
	at org.testng.internal.invokers.TestInvoker.invokeMethod(TestInvoker.java:673)&#13;
	at org.testng.internal.invokers.TestInvoker.invokeTestMethod(TestInvoker.java:220)&#13;
	at org.testng.internal.invokers.MethodRunner.runInSequence(MethodRunner.java:50)&#13;
	at org.testng.internal.invokers.TestInvoker$MethodInvocationAgent.invoke(TestInvoker.java:945)&#13;
	at org.testng.internal.invokers.TestInvoker.invokeTestMethods(TestInvoker.java:193)&#13;
	at org.testng.internal.invokers.TestMethodWorker.invokeTestMethods(TestMethodWorker.java:146)&#13;
	at org.testng.internal.invokers.TestMethodWorker.run(TestMethodWorker.java:128)&#13;
	at java.base/java.util.ArrayList.forEach(ArrayList.java:1541)&#13;
	at org.testng.TestRunner.privateRun(TestRunner.java:808)&#13;
	at org.testng.TestRunner.run(TestRunner.java:603)&#13;
	at org.testng.SuiteRunner.runTest(SuiteRunner.java:429)&#13;
	at org.testng.SuiteRunner.access$000(SuiteRunner.java:32)&#13;
	at org.testng.SuiteRunner$SuiteWorker.run(SuiteRunner.java:467)&#13;
	at org.testng.internal.thread.ThreadUtil.lambda$execute$0(ThreadUtil.java:58)&#13;
	at java.base/java.util.concurrent.FutureTask.run(FutureTask.java:264)&#13;
	at java.base/java.util.concurrent.ThreadPoolExecutor.runWorker(ThreadPoolExecutor.java:1128)&#13;
	at java.base/java.util.concurrent.ThreadPoolExecutor$Worker.run(ThreadPoolExecutor.java:628)&#13;
	at java.base/java.lang.Thread.run(Thread.java:834)&#13;
</output>
            </test>
            <test duration="22" locationUrl="java:test://testSteps.PersonalInfoPageTest/Should_CheckNoErrorMessagesWithValidValues" name="PersonalInfoPageTest.Should_CheckNoErrorMessagesWithValidValues[Mel, Gor, 01.01.1990, +49 171 1234567]" status="error">
                <output type="stderr">org.openqa.selenium.NoSuchElementException: no such element: Unable to locate element: {"method":"xpath","selector":"//label[@for='GENDER_FEMALE']"}
  (Session info: chrome=101.0.4951.64)
For documentation on this error, please visit: https://www.seleniumhq.org/exceptions/no_such_element.html
Build info: version: '3.141.59', revision: 'e82be7d358', time: '2018-11-14T08:17:03'
System info: host: 'SLVYDEV043', ip: '192.168.1.23', os.name: 'Windows 10', os.arch: 'amd64', os.version: '10.0', java.version: '11.0.12'
Driver info: org.openqa.selenium.chrome.ChromeDriver
Capabilities {acceptInsecureCerts: false, browserName: chrome, browserVersion: 101.0.4951.64, chrome: {chromedriverVersion: 101.0.4951.41 (93c720db8323..., userDataDir: C:\Users\MELIKE~1.GOR\AppDa...}, goog:chromeOptions: {debuggerAddress: localhost:56729}, javascriptEnabled: true, networkConnectionEnabled: false, pageLoadStrategy: normal, platform: WINDOWS, platformName: WINDOWS, proxy: Proxy(), setWindowRect: true, strictFileInteractability: false, timeouts: {implicit: 0, pageLoad: 300000, script: 30000}, unhandledPromptBehavior: dismiss and notify, webauthn:extension:credBlob: true, webauthn:extension:largeBlob: true, webauthn:virtualAuthenticators: true}
Session ID: da14d9fc164fb1cf6512197ee9bd3839
*** Element info: {Using=xpath, value=//label[@for='GENDER_FEMALE']}&#13;
	at java.base/jdk.internal.reflect.NativeConstructorAccessorImpl.newInstance0(Native Method)&#13;
	at java.base/jdk.internal.reflect.NativeConstructorAccessorImpl.newInstance(NativeConstructorAccessorImpl.java:62)&#13;
	at java.base/jdk.internal.reflect.DelegatingConstructorAccessorImpl.newInstance(DelegatingConstructorAccessorImpl.java:45)&#13;
	at java.base/java.lang.reflect.Constructor.newInstance(Constructor.java:490)&#13;
	at org.openqa.selenium.remote.http.W3CHttpResponseCodec.createException(W3CHttpResponseCodec.java:187)&#13;
	at org.openqa.selenium.remote.http.W3CHttpResponseCodec.decode(W3CHttpResponseCodec.java:122)&#13;
	at org.openqa.selenium.remote.http.W3CHttpResponseCodec.decode(W3CHttpResponseCodec.java:49)&#13;
	at org.openqa.selenium.remote.HttpCommandExecutor.execute(HttpCommandExecutor.java:158)&#13;
	at org.openqa.selenium.remote.service.DriverCommandExecutor.execute(DriverCommandExecutor.java:83)&#13;
	at org.openqa.selenium.remote.RemoteWebDriver.execute(RemoteWebDriver.java:552)&#13;
	at org.openqa.selenium.remote.RemoteWebDriver.findElement(RemoteWebDriver.java:323)&#13;
	at org.openqa.selenium.remote.RemoteWebDriver.findElementByXPath(RemoteWebDriver.java:428)&#13;
	at org.openqa.selenium.By$ByXPath.findElement(By.java:353)&#13;
	at org.openqa.selenium.remote.RemoteWebDriver.findElement(RemoteWebDriver.java:315)&#13;
	at org.openqa.selenium.support.pagefactory.DefaultElementLocator.findElement(DefaultElementLocator.java:69)&#13;
	at org.openqa.selenium.support.pagefactory.internal.LocatingElementHandler.invoke(LocatingElementHandler.java:38)&#13;
	at com.sun.proxy.$Proxy12.click(Unknown Source)&#13;
	at pageObjects.PersonalInfoPage.fillFormWithValues(PersonalInfoPage.java:96)&#13;
	at testSteps.PersonalInfoPageTest.Should_CheckNoErrorMessagesWithValidValues(PersonalInfoPageTest.java:62)&#13;
	at java.base/jdk.internal.reflect.NativeMethodAccessorImpl.invoke0(Native Method)&#13;
	at java.base/jdk.internal.reflect.NativeMethodAccessorImpl.invoke(NativeMethodAccessorImpl.java:62)&#13;
	at java.base/jdk.internal.reflect.DelegatingMethodAccessorImpl.invoke(DelegatingMethodAccessorImpl.java:43)&#13;
	at java.base/java.lang.reflect.Method.invoke(Method.java:566)&#13;
	at org.testng.internal.invokers.MethodInvocationHelper.invokeMethod(MethodInvocationHelper.java:135)&#13;
	at org.testng.internal.invokers.TestInvoker.invokeMethod(TestInvoker.java:673)&#13;
	at org.testng.internal.invokers.TestInvoker.invokeTestMethod(TestInvoker.java:220)&#13;
	at org.testng.internal.invokers.MethodRunner.runInSequence(MethodRunner.java:50)&#13;
	at org.testng.internal.invokers.TestInvoker$MethodInvocationAgent.invoke(TestInvoker.java:945)&#13;
	at org.testng.internal.invokers.TestInvoker.invokeTestMethods(TestInvoker.java:193)&#13;
	at org.testng.internal.invokers.TestMethodWorker.invokeTestMethods(TestMethodWorker.java:146)&#13;
	at org.testng.internal.invokers.TestMethodWorker.run(TestMethodWorker.java:128)&#13;
	at java.base/java.util.ArrayList.forEach(ArrayList.java:1541)&#13;
	at org.testng.TestRunner.privateRun(TestRunner.java:808)&#13;
	at org.testng.TestRunner.run(TestRunner.java:603)&#13;
	at org.testng.SuiteRunner.runTest(SuiteRunner.java:429)&#13;
	at org.testng.SuiteRunner.access$000(SuiteRunner.java:32)&#13;
	at org.testng.SuiteRunner$SuiteWorker.run(SuiteRunner.java:467)&#13;
	at org.testng.internal.thread.ThreadUtil.lambda$execute$0(ThreadUtil.java:58)&#13;
	at java.base/java.util.concurrent.FutureTask.run(FutureTask.java:264)&#13;
	at java.base/java.util.concurrent.ThreadPoolExecutor.runWorker(ThreadPoolExecutor.java:1128)&#13;
	at java.base/java.util.concurrent.ThreadPoolExecutor$Worker.run(ThreadPoolExecutor.java:628)&#13;
	at java.base/java.lang.Thread.run(Thread.java:834)&#13;
</output>
            </test>
        </suite>
    </suite>
    <suite duration="12652" locationUrl="file://C:\Users\melike.gorgun\check24UI\Testng.xml" name="Firefox Test" status="passed">
        <suite duration="10860" locationUrl="java:suite://testSteps.PersonalInfoPageTest" name="PersonalInfoPageTest" status="passed">
            <test duration="48" locationUrl="java:test://testSteps.PersonalInfoPageTest/sendKeysToEmail[1]" name="PersonalInfoPageTest.sendKeysToEmail[m@gmail.com] (1)" status="passed"/>
            <test duration="72" locationUrl="java:test://testSteps.PersonalInfoPageTest/contToWelcome[1]" name="PersonalInfoPageTest.contToWelcome (1)" status="passed">
                <output type="stderr">JavaScript error: resource://gre/actors/AutoCompleteChild.jsm, line 125: Error: Invalid autocomplete selectedIndex
JavaScript error: resource://gre/actors/AutoCompleteChild.jsm, line 125: Error: Invalid autocomplete selectedIndex
JavaScript error: resource://gre/modules/LoginManagerChild.jsm, line 194: NS_ERROR_XPC_JAVASCRIPT_ERROR_WITH_DETAILS: [JavaScript Error: "Invalid autocomplete selectedIndex" {file: "resource://gre/actors/AutoCompleteChild.jsm" line: 125}]'[JavaScript Error: "Invalid autocomplete selectedIndex" {file: "resource://gre/actors/AutoCompleteChild.jsm" line: 125}]' when calling method: [nsIAutoCompletePopup::selectedIndex]
console.warn: LoginRecipes: "getRecipes: falling back to a synchronous message for:" "https://finanzen.check24.de"
</output>
            </test>
            <test duration="3591" locationUrl="java:test://testSteps.PersonalInfoPageTest/enterAsGuest[1]" name="PersonalInfoPageTest.enterAsGuest (1)" status="passed">
                <output type="stdout">Page has loaded
</output>
                <output type="stderr">console.warn: LoginRecipes: "getRecipes: falling back to a synchronous message for:" "https://finanzen.check24.de"
</output>
            </test>
            <test duration="3330" locationUrl="java:test://testSteps.PersonalInfoPageTest/Should_CheckErrorMessages[1]" name="PersonalInfoPageTest.Should_CheckErrorMessages (1)" status="passed">
                <output type="stdout">Page has loaded
Bitte w√§hlen Sie Ihre Anrede aus.
</output>
            </test>
            <test duration="3819" locationUrl="java:test://testSteps.PersonalInfoPageTest/Should_CheckNoErrorMessagesWithValidValues[1]" name="PersonalInfoPageTest.Should_CheckNoErrorMessagesWithValidValues[Mel, Gor, 01.01.1990, +49 171 1234567] (1)" status="passed">
                <output type="stdout">Page has loaded
</output>
                <output type="stderr">console.warn: LoginRecipes: "getRecipes: falling back to a synchronous message for:" "https://finanzen.check24.de"
console.warn: LoginRecipes: "getRecipes: falling back to a synchronous message for:" "https://finanzen.check24.de"
</output>
            </test>
        </suite>
    </suite>
</testrun>
