<?xml version="1.0" encoding="UTF-8"?>
<!-- Generated by org.testng.reporters.JUnitXMLReporter -->
<testsuite ignored="0" hostname="SLVYDEV043" failures="0" tests="7" name="Firefox Test" time="30.653" errors="0" timestamp="2022-05-16T00:20:56 EET">
  <testcase classname="testSteps.CreditCardResultPageTest" name="Should_CheckPPSETCookie" time="0.478"/>
  <testcase classname="testSteps.CreditCardResultPageTest" name="clickContinueButton" time="0.908"/>
  <testcase classname="testSteps.PersonalInfoPageTest" name="sendKeysToEmail" time="0.048"/>
  <testcase classname="testSteps.PersonalInfoPageTest" name="contToWelcome" time="0.072"/>
  <testcase classname="testSteps.PersonalInfoPageTest" name="enterAsGuest" time="3.591"/>
  <testcase classname="testSteps.PersonalInfoPageTest" name="Should_CheckErrorMessages" time="3.33"/>
  <testcase classname="testSteps.PersonalInfoPageTest" name="Should_CheckNoErrorMessagesWithValidValues" time="3.819"/>
</testsuite> <!-- Firefox Test -->
